<?xml version="1.0" encoding="UTF-8"?>
<testsuite name="com.kodilla.patterns.social.UserTestSuite" tests="2" skipped="0" failures="0" errors="0" timestamp="2019-08-10T15:49:03" hostname="DELL-KACPER" time="0.002">
  <properties/>
  <testcase name="testDefaultSharingStrategies" classname="com.kodilla.patterns.social.UserTestSuite" time="0.002"/>
  <testcase name="testIndividualSharingStrategy" classname="com.kodilla.patterns.social.UserTestSuite" time="0.0"/>
  <system-out><![CDATA[Zenon share: You are currently using Twitter 
Kacper share: You are currently using Facebook 
Pawel share: You are currently using Snapchat 
Zenon share: You are currently using Twitter 
Zenon should now shareYou are currently using Snapchat 
]]></system-out>
  <system-err><![CDATA[]]></system-err>
</testsuite>
