<?xml version="1.0" encoding="UTF-8"?>
<testsuite name="com.kodilla.jdbc.DbManagerTestSuite" tests="3" skipped="0" failures="0" errors="0" timestamp="2019-08-10T15:47:05" hostname="DELL-KACPER" time="0.214">
  <properties/>
  <testcase name="testConnection" classname="com.kodilla.jdbc.DbManagerTestSuite" time="0.187"/>
  <testcase name="testSelectUsers" classname="com.kodilla.jdbc.DbManagerTestSuite" time="0.023"/>
  <testcase name="testSelectUsersAndPosts" classname="com.kodilla.jdbc.DbManagerTestSuite" time="0.004"/>
  <system-out><![CDATA[1, John, Smith
2, Zachary, Lee
3, Stephanie, Kovalsky
4, Thomas, Landgren
5, John, Thomson
John, Smith, 2
]]></system-out>
  <system-err><![CDATA[]]></system-err>
</testsuite>
